诛仙Ⅰ
攀登者
中国机长
我和我的祖国
名侦探柯南：绀青之拳
唐人街探案3
小小的愿望
少年的你
催眠·裁决
友情以上
姜子牙
紧急救援
十二生肖之福星高照朱小八
侠路相逢
禁锢之地
封门笔仙
小Q
南方车站的聚会
早安公主
悠然见南山
拉普拉斯的魔女
大话西游之成长的烦恼
俑之城
解放了
女校怪谈
拿摩一等
凤凰
金禅降魔
法门寺密码
海底梦想城
雪人奇缘
爵迹2
吹哨人
阴阳师
若能与你共乘海浪之上
囧妈
白狮奇缘
一切如你
刺杀小说家
中国女排
诛仙Ⅰ
攀登者
中国机长
我和我的祖国
名侦探柯南：绀青之拳
唐人街探案3
小小的愿望
少年的你
催眠·裁决
友情以上
诛仙Ⅰ
攀登者
中国机长
我和我的祖国
名侦探柯南：绀青之拳
唐人街探案3
小小的愿望
少年的你
催眠·裁决
友情以上
拉普拉斯的魔女
大话西游之成长的烦恼
俑之城
解放了
女校怪谈
拿摩一等
凤凰
金禅降魔
法门寺密码
海底梦想城
姜子牙
紧急救援
十二生肖之福星高照朱小八
侠路相逢
禁锢之地
封门笔仙
小Q
南方车站的聚会
早安公主
悠然见南山
双子杀手
美食大冒险之英雄烩
你好霸王龙
萤火奇兵2：小虫不好惹
宠爱
一生有你
血鲨
东北往事之二十年
冰峰暴
我在时间尽头等你
诛仙Ⅰ
攀登者
中国机长
我和我的祖国
名侦探柯南：绀青之拳
唐人街探案3
小小的愿望
少年的你
催眠·裁决
友情以上
诛仙Ⅰ
攀登者
中国机长
我和我的祖国
名侦探柯南：绀青之拳
唐人街探案3
小小的愿望
少年的你
催眠·裁决
友情以上
诛仙Ⅰ
攀登者
中国机长
我和我的祖国
名侦探柯南：绀青之拳
唐人街探案3
小小的愿望
少年的你
催眠·裁决
友情以上
双子杀手
美食大冒险之英雄烩
你好霸王龙
萤火奇兵2：小虫不好惹
宠爱
一生有你
血鲨
东北往事之二十年
冰峰暴
我在时间尽头等你
拉普拉斯的魔女
大话西游之成长的烦恼
俑之城
解放了
女校怪谈
拿摩一等
凤凰
金禅降魔
法门寺密码
海底梦想城
姜子牙
紧急救援
十二生肖之福星高照朱小八
侠路相逢
禁锢之地
封门笔仙
小Q
南方车站的聚会
早安公主
悠然见南山
诛仙Ⅰ
攀登者
中国机长
我和我的祖国
名侦探柯南：绀青之拳
唐人街探案3
小小的愿望
少年的你
催眠·裁决
友情以上
诛仙Ⅰ
攀登者
中国机长
我和我的祖国
名侦探柯南：绀青之拳
唐人街探案3
小小的愿望
少年的你
催眠·裁决
友情以上
诛仙Ⅰ
攀登者
中国机长
我和我的祖国
名侦探柯南：绀青之拳
唐人街探案3
小小的愿望
少年的你
催眠·裁决
友情以上
姜子牙
紧急救援
十二生肖之福星高照朱小八
侠路相逢
禁锢之地
封门笔仙
小Q
南方车站的聚会
早安公主
悠然见南山
拉普拉斯的魔女
大话西游之成长的烦恼
俑之城
解放了
女校怪谈
拿摩一等
凤凰
金禅降魔
法门寺密码
海底梦想城
雪人奇缘
爵迹2
吹哨人
阴阳师
若能与你共乘海浪之上
囧妈
白狮奇缘
一切如你
刺杀小说家
中国女排
双子杀手
美食大冒险之英雄烩
你好霸王龙
萤火奇兵2：小虫不好惹
宠爱
一生有你
血鲨
东北往事之二十年
冰峰暴
我在时间尽头等你
诛仙Ⅰ
攀登者
中国机长
我和我的祖国
名侦探柯南：绀青之拳
唐人街探案3
小小的愿望
少年的你
催眠·裁决
友情以上
诛仙Ⅰ
攀登者
中国机长
我和我的祖国
名侦探柯南：绀青之拳
唐人街探案3
小小的愿望
少年的你
催眠·裁决
友情以上
雪人奇缘
爵迹2
吹哨人
阴阳师
若能与你共乘海浪之上
囧妈
白狮奇缘
一切如你
刺杀小说家
中国女排
双子杀手
美食大冒险之英雄烩
你好霸王龙
萤火奇兵2：小虫不好惹
宠爱
一生有你
血鲨
东北往事之二十年
冰峰暴
我在时间尽头等你
诛仙Ⅰ
攀登者
中国机长
我和我的祖国
名侦探柯南：绀青之拳
唐人街探案3
小小的愿望
少年的你
催眠·裁决
友情以上
诛仙Ⅰ
攀登者
中国机长
我和我的祖国
名侦探柯南：绀青之拳
唐人街探案3
小小的愿望
少年的你
催眠·裁决
友情以上
诛仙Ⅰ
攀登者
中国机长
我和我的祖国
名侦探柯南：绀青之拳
唐人街探案3
小小的愿望
少年的你
催眠·裁决
友情以上
拉普拉斯的魔女
大话西游之成长的烦恼
俑之城
解放了
女校怪谈
拿摩一等
凤凰
金禅降魔
法门寺密码
海底梦想城
雪人奇缘
爵迹2
吹哨人
阴阳师
若能与你共乘海浪之上
囧妈
白狮奇缘
一切如你
刺杀小说家
中国女排
双子杀手
美食大冒险之英雄烩
你好霸王龙
萤火奇兵2：小虫不好惹
宠爱
一生有你
血鲨
东北往事之二十年
冰峰暴
我在时间尽头等你
诛仙Ⅰ
攀登者
中国机长
我和我的祖国
名侦探柯南：绀青之拳
唐人街探案3
小小的愿望
少年的你
催眠·裁决
友情以上
